C:\Users\Andrei Nicolae\Documents\Visual Studio 2017\Projects\SportsStore\dist\out-tsc\app\app.component.js
C:\Users\Andrei Nicolae\Documents\Visual Studio 2017\Projects\SportsStore\dist\out-tsc\app\app.component.js.map
C:\Users\Andrei Nicolae\Documents\Visual Studio 2017\Projects\SportsStore\dist\out-tsc\app\app.module.js
C:\Users\Andrei Nicolae\Documents\Visual Studio 2017\Projects\SportsStore\dist\out-tsc\app\app.module.js.map
C:\Users\Andrei Nicolae\Documents\Visual Studio 2017\Projects\SportsStore\dist\out-tsc\boot.js
C:\Users\Andrei Nicolae\Documents\Visual Studio 2017\Projects\SportsStore\dist\out-tsc\boot.js.map
C:\Users\Andrei Nicolae\Documents\Visual Studio 2017\Projects\SportsStore\dist\out-tsc\environments\environment.js
C:\Users\Andrei Nicolae\Documents\Visual Studio 2017\Projects\SportsStore\dist\out-tsc\environments\environment.js.map
C:\Users\Andrei Nicolae\Documents\Visual Studio 2017\Projects\SportsStore\dist\out-tsc\main.js
C:\Users\Andrei Nicolae\Documents\Visual Studio 2017\Projects\SportsStore\dist\out-tsc\main.js.map
C:\Users\Andrei Nicolae\Documents\Visual Studio 2017\Projects\SportsStore\dist\out-tsc\polyfills.js
C:\Users\Andrei Nicolae\Documents\Visual Studio 2017\Projects\SportsStore\dist\out-tsc\polyfills.js.map
C:\Users\Andrei Nicolae\Documents\Visual Studio 2017\Projects\SportsStore\dist\out-tsc\test.js
C:\Users\Andrei Nicolae\Documents\Visual Studio 2017\Projects\SportsStore\dist\out-tsc\test.js.map
C:\Users\Andrei Nicolae\Documents\Visual Studio 2017\Projects\SportsStore\dist\out-tsc\environments\environment.prod.js
C:\Users\Andrei Nicolae\Documents\Visual Studio 2017\Projects\SportsStore\dist\out-tsc\environments\environment.prod.js.map
C:\Users\Andrei Nicolae\Documents\Visual Studio 2017\Projects\SportsStore\dist\out-tsc\app\app.component.js
C:\Users\Andrei Nicolae\Documents\Visual Studio 2017\Projects\SportsStore\dist\out-tsc\app\app.component.js.map
C:\Users\Andrei Nicolae\Documents\Visual Studio 2017\Projects\SportsStore\dist\out-tsc\app\app.module.js
C:\Users\Andrei Nicolae\Documents\Visual Studio 2017\Projects\SportsStore\dist\out-tsc\app\app.module.js.map
C:\Users\Andrei Nicolae\Documents\Visual Studio 2017\Projects\SportsStore\dist\out-tsc\boot.js
C:\Users\Andrei Nicolae\Documents\Visual Studio 2017\Projects\SportsStore\dist\out-tsc\boot.js.map
C:\Users\Andrei Nicolae\Documents\Visual Studio 2017\Projects\SportsStore\dist\out-tsc\environments\environment.js
C:\Users\Andrei Nicolae\Documents\Visual Studio 2017\Projects\SportsStore\dist\out-tsc\environments\environment.js.map
C:\Users\Andrei Nicolae\Documents\Visual Studio 2017\Projects\SportsStore\dist\out-tsc\main.js
C:\Users\Andrei Nicolae\Documents\Visual Studio 2017\Projects\SportsStore\dist\out-tsc\main.js.map
C:\Users\Andrei Nicolae\Documents\Visual Studio 2017\Projects\SportsStore\dist\out-tsc\polyfills.js
C:\Users\Andrei Nicolae\Documents\Visual Studio 2017\Projects\SportsStore\dist\out-tsc\polyfills.js.map
C:\Users\Andrei Nicolae\Documents\Visual Studio 2017\Projects\SportsStore\dist\out-tsc\test.js
C:\Users\Andrei Nicolae\Documents\Visual Studio 2017\Projects\SportsStore\dist\out-tsc\test.js.map
C:\Users\Andrei Nicolae\Documents\Visual Studio 2017\Projects\SportsStore\dist\out-tsc\environments\environment.prod.js
C:\Users\Andrei Nicolae\Documents\Visual Studio 2017\Projects\SportsStore\dist\out-tsc\environments\environment.prod.js.map
C:\Users\Andrei Nicolae\Documents\Visual Studio 2017\Projects\SportsStore\dist\out-tsc\app\app.component.js
C:\Users\Andrei Nicolae\Documents\Visual Studio 2017\Projects\SportsStore\dist\out-tsc\app\app.component.js.map
C:\Users\Andrei Nicolae\Documents\Visual Studio 2017\Projects\SportsStore\dist\out-tsc\app\app.module.js
C:\Users\Andrei Nicolae\Documents\Visual Studio 2017\Projects\SportsStore\dist\out-tsc\app\app.module.js.map
C:\Users\Andrei Nicolae\Documents\Visual Studio 2017\Projects\SportsStore\dist\out-tsc\boot.js
C:\Users\Andrei Nicolae\Documents\Visual Studio 2017\Projects\SportsStore\dist\out-tsc\boot.js.map
C:\Users\Andrei Nicolae\Documents\Visual Studio 2017\Projects\SportsStore\dist\out-tsc\environments\environment.js
C:\Users\Andrei Nicolae\Documents\Visual Studio 2017\Projects\SportsStore\dist\out-tsc\environments\environment.js.map
C:\Users\Andrei Nicolae\Documents\Visual Studio 2017\Projects\SportsStore\dist\out-tsc\main.js
C:\Users\Andrei Nicolae\Documents\Visual Studio 2017\Projects\SportsStore\dist\out-tsc\main.js.map
C:\Users\Andrei Nicolae\Documents\Visual Studio 2017\Projects\SportsStore\dist\out-tsc\polyfills.js
C:\Users\Andrei Nicolae\Documents\Visual Studio 2017\Projects\SportsStore\dist\out-tsc\polyfills.js.map
C:\Users\Andrei Nicolae\Documents\Visual Studio 2017\Projects\SportsStore\dist\out-tsc\test.js
C:\Users\Andrei Nicolae\Documents\Visual Studio 2017\Projects\SportsStore\dist\out-tsc\test.js.map
C:\Users\Andrei Nicolae\Documents\Visual Studio 2017\Projects\SportsStore\dist\out-tsc\environments\environment.prod.js
C:\Users\Andrei Nicolae\Documents\Visual Studio 2017\Projects\SportsStore\dist\out-tsc\environments\environment.prod.js.map
